<?xml version="1.0" encoding="UTF-8"?>
<testsuite name="tests.UserModification" tests="2" skipped="0" failures="0" errors="0" timestamp="2022-11-02T17:40:28" hostname="LAPTOP-BETKQUU3" time="16.971">
  <properties/>
  <testcase name="changeAvatar" classname="tests.UserModification" time="14.976"/>
  <testcase name="testNewTab" classname="tests.UserModification" time="1.989"/>
  <system-out><![CDATA[]]></system-out>
  <system-err><![CDATA[]]></system-err>
</testsuite>
