<?xml version="1.0" encoding="UTF-8"?>
<testsuite name="tests.Login" tests="1" skipped="0" failures="0" errors="0" timestamp="2022-11-02T17:40:12" hostname="LAPTOP-BETKQUU3" time="16.022">
  <properties/>
  <testcase name="loginPositive1" classname="tests.Login" time="16.022"/>
  <system-out><![CDATA[]]></system-out>
  <system-err><![CDATA[]]></system-err>
</testsuite>
